<?xml version="1.0" encoding="UTF-8"?>
<!-- Generated by org.testng.reporters.JUnitXMLReporter -->
<testsuite hostname="shambhu" name="TestNG Test1" tests="8" failures="0" timestamp="30 May 2016 06:21:47 GMT" time="42.505" errors="0">
  <testcase name="@BeforeMethod startApp" time="0.0" classname="com.test.site.HomePageTest1">
    <failure type="org.openqa.selenium.SessionNotCreatedException" message="A new session could not be created. (Original error: Command failed: C:\Windows\system32\cmd.exe /s /c &amp;quot;E:\adt-bundle-windows-x86-20140702\adt-bundle-windows-x86-20140702\sdk\platform-tools\adb.exe -s feb9fac2 shell &amp;quot;pm clear com.android2.calculator3&amp;quot;&amp;quot;
error: 
) (WARNING: The server did not provide any stacktrace information)
Command duration or timeout: 11.12 seconds
Build info: version: &amp;apos;2.53.0&amp;apos;, revision: &amp;apos;35ae25b1534ae328c771e0856c93e187490ca824&amp;apos;, time: &amp;apos;2016-03-15 10:43:46&amp;apos;
System info: host: &amp;apos;shambhu&amp;apos;, ip: &amp;apos;192.168.1.192&amp;apos;, os.name: &amp;apos;Windows 7&amp;apos;, os.arch: &amp;apos;amd64&amp;apos;, os.version: &amp;apos;6.1&amp;apos;, java.version: &amp;apos;1.8.0_92&amp;apos;
Driver info: io.appium.java_client.android.AndroidDriver">
      <![CDATA[org.openqa.selenium.SessionNotCreatedException: A new session could not be created. (Original error: Command failed: C:\Windows\system32\cmd.exe /s /c "E:\adt-bundle-windows-x86-20140702\adt-bundle-windows-x86-20140702\sdk\platform-tools\adb.exe -s feb9fac2 shell "pm clear com.android2.calculator3""
error: 
) (WARNING: The server did not provide any stacktrace information)
Command duration or timeout: 11.12 seconds
Build info: version: '2.53.0', revision: '35ae25b1534ae328c771e0856c93e187490ca824', time: '2016-03-15 10:43:46'
System info: host: 'shambhu', ip: '192.168.1.192', os.name: 'Windows 7', os.arch: 'amd64', os.version: '6.1', java.version: '1.8.0_92'
Driver info: io.appium.java_client.android.AndroidDriver
	at sun.reflect.NativeConstructorAccessorImpl.newInstance0(Native Method)
	at sun.reflect.NativeConstructorAccessorImpl.newInstance(NativeConstructorAccessorImpl.java:62)
	at sun.reflect.DelegatingConstructorAccessorImpl.newInstance(DelegatingConstructorAccessorImpl.java:45)
	at java.lang.reflect.Constructor.newInstance(Constructor.java:423)
	at org.openqa.selenium.remote.ErrorHandler.createThrowable(ErrorHandler.java:206)
	at org.openqa.selenium.remote.ErrorHandler.throwIfResponseFailed(ErrorHandler.java:158)
	at org.openqa.selenium.remote.RemoteWebDriver.execute(RemoteWebDriver.java:678)
	at io.appium.java_client.DefaultGenericMobileDriver.execute(DefaultGenericMobileDriver.java:43)
	at io.appium.java_client.AppiumDriver.execute(AppiumDriver.java:1)
	at io.appium.java_client.android.AndroidDriver.execute(AndroidDriver.java:1)
	at org.openqa.selenium.remote.RemoteWebDriver.startSession(RemoteWebDriver.java:249)
	at org.openqa.selenium.remote.RemoteWebDriver.<init>(RemoteWebDriver.java:131)
	at org.openqa.selenium.remote.RemoteWebDriver.<init>(RemoteWebDriver.java:144)
	at io.appium.java_client.DefaultGenericMobileDriver.<init>(DefaultGenericMobileDriver.java:39)
	at io.appium.java_client.AppiumDriver.<init>(AppiumDriver.java:69)
	at io.appium.java_client.AppiumDriver.<init>(AppiumDriver.java:78)
	at io.appium.java_client.android.AndroidDriver.<init>(AndroidDriver.java:67)
	at com.appium.manager.AppiumParallelTest.startAppiumServerInParallel(AppiumParallelTest.java:146)
	at com.test.site.UserBaseTest.startApp(UserBaseTest.java:18)
	at sun.reflect.NativeMethodAccessorImpl.invoke0(Native Method)
	at sun.reflect.NativeMethodAccessorImpl.invoke(NativeMethodAccessorImpl.java:62)
	at sun.reflect.DelegatingMethodAccessorImpl.invoke(DelegatingMethodAccessorImpl.java:43)
	at java.lang.reflect.Method.invoke(Method.java:498)
	at org.testng.internal.MethodInvocationHelper.invokeMethod(MethodInvocationHelper.java:86)
	at org.testng.internal.Invoker.invokeConfigurationMethod(Invoker.java:514)
	at org.testng.internal.Invoker.invokeConfigurations(Invoker.java:215)
	at org.testng.internal.Invoker.invokeMethod(Invoker.java:589)
	at org.testng.internal.Invoker.invokeTestMethod(Invoker.java:820)
	at org.testng.internal.Invoker.invokeTestMethods(Invoker.java:1128)
	at org.testng.internal.TestMethodWorker.invokeTestMethods(TestMethodWorker.java:129)
	at org.testng.internal.TestMethodWorker.run(TestMethodWorker.java:112)
	at org.testng.TestRunner.privateRun(TestRunner.java:782)
	at org.testng.TestRunner.run(TestRunner.java:632)
	at org.testng.SuiteRunner.runTest(SuiteRunner.java:366)
	at org.testng.SuiteRunner.access$000(SuiteRunner.java:39)
	at org.testng.SuiteRunner$SuiteWorker.run(SuiteRunner.java:400)
	at org.testng.internal.thread.ThreadUtil$2.call(ThreadUtil.java:64)
	at java.util.concurrent.FutureTask.run(FutureTask.java:266)
	at java.util.concurrent.ThreadPoolExecutor.runWorker(ThreadPoolExecutor.java:1142)
	at java.util.concurrent.ThreadPoolExecutor$Worker.run(ThreadPoolExecutor.java:617)
	at java.lang.Thread.run(Thread.java:745)
]]>
    </failure>
  </testcase> <!-- @BeforeMethod startApp -->
  <testcase name="@AfterMethod killServer" time="0.0" classname="com.test.site.HomePageTest1">
    <skipped/>
  </testcase> <!-- @AfterMethod killServer -->
  <testcase name="@BeforeMethod startApp" time="0.0" classname="com.test.site.HomePageTest1">
    <skipped/>
  </testcase> <!-- @BeforeMethod startApp -->
  <testcase name="@AfterMethod killServer" time="0.0" classname="com.test.site.HomePageTest1">
    <skipped/>
  </testcase> <!-- @AfterMethod killServer -->
  <testcase name="@BeforeMethod startApp" time="0.0" classname="com.test.site.HomePageTest1">
    <skipped/>
  </testcase> <!-- @BeforeMethod startApp -->
  <testcase name="@AfterMethod killServer" time="0.0" classname="com.test.site.HomePageTest1">
    <skipped/>
  </testcase> <!-- @AfterMethod killServer -->
  <testcase name="@BeforeMethod startApp" time="0.0" classname="com.test.site.HomePageTest1">
    <skipped/>
  </testcase> <!-- @BeforeMethod startApp -->
  <testcase name="@AfterMethod killServer" time="0.0" classname="com.test.site.HomePageTest1">
    <skipped/>
  </testcase> <!-- @AfterMethod killServer -->
  <testcase name="@BeforeMethod startApp" time="0.0" classname="com.test.site.HomePageTest1">
    <skipped/>
  </testcase> <!-- @BeforeMethod startApp -->
  <testcase name="@AfterMethod killServer" time="0.0" classname="com.test.site.HomePageTest1">
    <skipped/>
  </testcase> <!-- @AfterMethod killServer -->
  <testcase name="@BeforeMethod startApp" time="0.0" classname="com.test.site.HomePageTest1">
    <skipped/>
  </testcase> <!-- @BeforeMethod startApp -->
  <testcase name="@AfterMethod killServer" time="0.0" classname="com.test.site.HomePageTest1">
    <skipped/>
  </testcase> <!-- @AfterMethod killServer -->
  <testcase name="@AfterClass afterClass" time="0.0" classname="com.test.site.HomePageTest1">
    <skipped/>
  </testcase> <!-- @AfterClass afterClass -->
  <testcase name="@BeforeClass beforeClass" time="0.0" classname="com.test.ios.HomePageTest6">
    <skipped/>
  </testcase> <!-- @BeforeClass beforeClass -->
  <testcase name="@BeforeMethod startApp" time="0.0" classname="com.test.ios.HomePageTest6">
    <skipped/>
  </testcase> <!-- @BeforeMethod startApp -->
  <testcase name="@AfterMethod killServer" time="0.0" classname="com.test.ios.HomePageTest6">
    <skipped/>
  </testcase> <!-- @AfterMethod killServer -->
  <testcase name="@AfterClass afterClass" time="0.0" classname="com.test.ios.HomePageTest6">
    <skipped/>
  </testcase> <!-- @AfterClass afterClass -->
  <testcase name="testMethodOne_1 on [HomePageTest1 passed=0 failed=0 skipped=0]" time="0.002" classname="com.test.site.HomePageTest1">
    <skipped/>
  </testcase> <!-- testMethodOne_1 on [HomePageTest1 passed=0 failed=0 skipped=0] -->
  <testcase name="testMethodOne_10 on [HomePageTest1 passed=0 failed=0 skipped=0]" time="0.0" classname="com.test.site.HomePageTest1">
    <skipped/>
  </testcase> <!-- testMethodOne_10 on [HomePageTest1 passed=0 failed=0 skipped=0] -->
  <testcase name="testMethodOne_11 on [HomePageTest1 passed=0 failed=0 skipped=0]" time="0.001" classname="com.test.site.HomePageTest1">
    <skipped/>
  </testcase> <!-- testMethodOne_11 on [HomePageTest1 passed=0 failed=0 skipped=0] -->
  <testcase name="testMethodOne_6 on [HomePageTest1 passed=0 failed=0 skipped=0]" time="0.0" classname="com.test.site.HomePageTest1">
    <skipped/>
  </testcase> <!-- testMethodOne_6 on [HomePageTest1 passed=0 failed=0 skipped=0] -->
  <testcase name="testMethodOne_7 on [HomePageTest1 passed=0 failed=0 skipped=0]" time="0.0" classname="com.test.site.HomePageTest1">
    <skipped/>
  </testcase> <!-- testMethodOne_7 on [HomePageTest1 passed=0 failed=0 skipped=0] -->
  <testcase name="testMethodOne_8 on [HomePageTest1 passed=0 failed=0 skipped=0]" time="0.001" classname="com.test.site.HomePageTest1">
    <skipped/>
  </testcase> <!-- testMethodOne_8 on [HomePageTest1 passed=0 failed=0 skipped=0] -->
  <testcase name="testMethodOne_9 on [HomePageTest1 passed=0 failed=0 skipped=0]" time="0.0" classname="com.test.site.HomePageTest1">
    <skipped/>
  </testcase> <!-- testMethodOne_9 on [HomePageTest1 passed=0 failed=0 skipped=0] -->
  <testcase name="testMethodTwelve_12 on [HomePageTest6 passed=0 failed=0 skipped=0]" time="0.0" classname="com.test.ios.HomePageTest6">
    <skipped/>
  </testcase> <!-- testMethodTwelve_12 on [HomePageTest6 passed=0 failed=0 skipped=0] -->
</testsuite> <!-- TestNG Test1 -->
